15:28:04 **** Incremental Build of configuration Debug for project interrupt_priority ****
make -j12 all 
arm-none-eabi-gcc "../Src/main.c" -mcpu=cortex-m4 -std=gnu11 -g3 -DDEBUG -DSTM32 -DSTM32F4 -DSTM32F446RETx -DNUCLEO_F446RE -c -I../Inc -O0 -ffunction-sections -fdata-sections -Wall -fstack-usage -fcyclomatic-complexity -MMD -MP -MF"Src/main.d" -MT"Src/main.o" --specs=nano.specs -mfpu=fpv4-sp-d16 -mfloat-abi=hard -mthumb -o "Src/main.o"
../Src/main.c:22:4: warning: #warning "FPU is not initialized, but the project is compiling for an FPU. Please initialize the FPU before use." [-Wcpp]
   22 |   #warning "FPU is not initialized, but the project is compiling for an FPU. Please initialize the FPU before use."
      |    ^~~~~~~
../Src/main.c: In function 'TIM2_IRQHandler':
../Src/main.c:60:9: warning: implicit declaration of function 'print' [-Wimplicit-function-declaration]
   60 |         print ("[TIM2_Handler]\n");
      |         ^~~~~
arm-none-eabi-gcc -o "interrupt_priority.elf" @"objects.list"   -mcpu=cortex-m4 -T"E:\EMBEDDED COURSE\Course-CORTEX-M3-M4\interrupt_priority\STM32F446RETX_FLASH.ld" --specs=nosys.specs -Wl,-Map="interrupt_priority.map" -Wl,--gc-sections -static --specs=nano.specs -mfpu=fpv4-sp-d16 -mfloat-abi=hard -mthumb -Wl,--start-group -lc -lm -Wl,--end-group
C:/ST/STM32CubeIDE_1.16.1/STM32CubeIDE/plugins/com.st.stm32cube.ide.mcu.externaltools.gnu-tools-for-stm32.12.3.rel1.win32_1.0.200.202406191623/tools/bin/../lib/gcc/arm-none-eabi/12.3.1/../../../../arm-none-eabi/bin/ld.exe: ./Src/main.o: in function `TIM2_IRQHandler':
E:/EMBEDDED COURSE/Course-CORTEX-M3-M4/interrupt_priority/Debug/../Src/main.c:60: undefined reference to `print'
C:/ST/STM32CubeIDE_1.16.1/STM32CubeIDE/plugins/com.st.stm32cube.ide.mcu.externaltools.gnu-tools-for-stm32.12.3.rel1.win32_1.0.200.202406191623/tools/bin/../lib/gcc/arm-none-eabi/12.3.1/../../../../arm-none-eabi/bin/ld.exe: ./Src/main.o: in function `I2C1_EV_IRQHandler':
E:/EMBEDDED COURSE/Course-CORTEX-M3-M4/interrupt_priority/Debug/../Src/main.c:66: undefined reference to `print'
collect2.exe: error: ld returned 1 exit status
make: *** [makefile:63: interrupt_priority.elf] Error 1
"make -j12 all" terminated with exit code 2. Build might be incomplete.

15:28:05 Build Failed. 3 errors, 2 warnings. (took 517ms)

